Detalles de la partida:
  Modo: NORMAL
  Numero de ronda: 1
  Duracion: 131
  Puntajes:
    44A | ID2 | ID3 : 130
    BrainV1 1701866: 130
    BrainV1 9665748: 58


Detalles de la partida:
  Modo: NORMAL
  Numero de ronda: 1
  Duracion: 13
  Puntajes:
    BrainV3 250009: 17
    44A | ID2 | ID3 : 12
    BrainV3 3162633: 9


Detalles de la partida:
  Modo: NORMAL
  Numero de ronda: 1
  Duracion: 294
  Puntajes:
    BrainV3 8144733: 3724
    BrainV3 3516557: 3045
    44A | 3F5 | 421 : 1102
    BrainV3 4529093: 447
    BrainV3 6547472: 77


Detalles de la partida:
  Modo: NORMAL
  Numero de ronda: 1
  Duracion: 478
  Puntajes:
    BrainV3 7113218: 9570
    44A | 3F5 | 421 : 1413
    BrainV3 9689381: 16


Detalles de la partida:
  Modo: NORMAL
  Numero de ronda: 1
  Duracion: 538
  Puntajes:
    BrainV3 4915789: 11515
    44A | 3F5 | 421 : 515
    BrainV3 1337887: 414


Detalles de la partida:
  Modo: NORMAL
  Numero de ronda: 1
  Duracion: 488
  Puntajes:
    44A | 3F5 | 421 : 9525
    BrainV3 6813880: 3891
    BrainV3 4799453: 170


Detalles de la partida:
  Modo: NORMAL
  Numero de ronda: 1
  Duracion: 378
  Puntajes:
    BrainV3 4395631: 5111
    44A | 3F5 | 421 : 1039
    BrainV3 5529312: 160


Detalles de la partida:
  Modo: NORMAL
  Numero de ronda: 1
  Duracion: 458
  Puntajes:
    44A | 3F5 | 421 : 6178
    BrainV1 5077386: 1616
    BrainV1 8673732: 641


Detalles de la partida:
  Modo: NORMAL
  Numero de ronda: 1
  Duracion: 313
  Puntajes:
    BrainV3 2389039: 4303
    44A | 3F5 | 421 : 4073
    BrainV3 8581379: 16


Detalles de la partida:
  Modo: NORMAL
  Numero de ronda: 1
  Duracion: 237
  Puntajes:
    Martin: 3462
    BrainV3 1782042: 364
    BrainV3 7658109: 149
    BrainV3 1887554: 68
    BrainV3 959020: 19


